Release 14.6 - xst P.68d (nt64)
Copyright (c) 1995-2013 Xilinx, Inc.  All rights reserved.
--> Parameter TMPDIR set to xst/projnav.tmp


Total REAL time to Xst completion: 1.00 secs
Total CPU time to Xst completion: 1.08 secs
 
--> Parameter xsthdpdir set to xst


Total REAL time to Xst completion: 1.00 secs
Total CPU time to Xst completion: 1.08 secs
 
--> Reading design: vga_driver.prj

TABLE OF CONTENTS
  1) Synthesis Options Summary
  2) HDL Parsing
  3) HDL Elaboration
  4) HDL Synthesis
       4.1) HDL Synthesis Report
  5) Advanced HDL Synthesis
       5.1) Advanced HDL Synthesis Report
  6) Low Level Synthesis
  7) Partition Report
  8) Design Summary
       8.1) Primitive and Black Box Usage
       8.2) Device utilization summary
       8.3) Partition Resource Summary
       8.4) Timing Report
            8.4.1) Clock Information
            8.4.2) Asynchronous Control Signals Information
            8.4.3) Timing Summary
            8.4.4) Timing Details
            8.4.5) Cross Clock Domains Report


=========================================================================
*                      Synthesis Options Summary                        *
=========================================================================
---- Source Parameters
Input File Name                    : "vga_driver.prj"
Ignore Synthesis Constraint File   : NO

---- Target Parameters
Output File Name                   : "vga_driver"
Output Format                      : NGC
Target Device                      : xc6slx16-2-csg324

---- Source Options
Top Module Name                    : vga_driver
Automatic FSM Extraction           : YES
FSM Encoding Algorithm             : Auto
Safe Implementation                : No
FSM Style                          : LUT
RAM Extraction                     : Yes
RAM Style                          : Auto
ROM Extraction                     : Yes
Shift Register Extraction          : YES
ROM Style                          : Auto
Resource Sharing                   : YES
Asynchronous To Synchronous        : NO
Shift Register Minimum Size        : 2
Use DSP Block                      : Auto
Automatic Register Balancing       : No

---- Target Options
LUT Combining                      : Auto
Reduce Control Sets                : Auto
Add IO Buffers                     : YES
Global Maximum Fanout              : 100000
Add Generic Clock Buffer(BUFG)     : 16
Register Duplication               : YES
Optimize Instantiated Primitives   : NO
Use Clock Enable                   : Auto
Use Synchronous Set                : Auto
Use Synchronous Reset              : Auto
Pack IO Registers into IOBs        : Auto
Equivalent register Removal        : YES

---- General Options
Optimization Goal                  : Speed
Optimization Effort                : 1
Power Reduction                    : NO
Keep Hierarchy                     : No
Netlist Hierarchy                  : As_Optimized
RTL Output                         : Yes
Global Optimization                : AllClockNets
Read Cores                         : YES
Write Timing Constraints           : NO
Cross Clock Analysis               : NO
Hierarchy Separator                : /
Bus Delimiter                      : <>
Case Specifier                     : Maintain
Slice Utilization Ratio            : 100
BRAM Utilization Ratio             : 100
DSP48 Utilization Ratio            : 100
Auto BRAM Packing                  : NO
Slice Utilization Ratio Delta      : 5

=========================================================================


=========================================================================
*                          HDL Parsing                                  *
=========================================================================
Analyzing Verilog file "C:\Users\152\Documents\Fay_Daniel_152A\FDPaint\vga_driver.v" into library work
Parsing module <vga_driver>.

=========================================================================
*                            HDL Elaboration                            *
=========================================================================

Elaborating module <vga_driver>.
WARNING:HDLCompiler:413 - "C:\Users\152\Documents\Fay_Daniel_152A\FDPaint\vga_driver.v" Line 38: Result of 32-bit expression is truncated to fit in 10-bit target.
WARNING:HDLCompiler:413 - "C:\Users\152\Documents\Fay_Daniel_152A\FDPaint\vga_driver.v" Line 39: Result of 32-bit expression is truncated to fit in 10-bit target.

=========================================================================
*                           HDL Synthesis                               *
=========================================================================

Synthesizing Unit <vga_driver>.
    Related source file is "C:\Users\152\Documents\Fay_Daniel_152A\FDPaint\vga_driver.v".
    Found 10-bit register for signal <vCount>.
    Found 8-bit register for signal <rgb>.
    Found 10-bit register for signal <hCount>.
    Found 11-bit adder for signal <n0035[10:0]> created at line 38.
    Found 11-bit adder for signal <n0037[10:0]> created at line 39.
    Found 10-bit comparator greater for signal <hCount[9]_GND_1_o_LessThan_11_o> created at line 42
    Found 10-bit comparator greater for signal <PWR_1_o_hCount[9]_LessThan_12_o> created at line 42
    Found 10-bit comparator greater for signal <vCount[9]_GND_1_o_LessThan_13_o> created at line 42
    Found 10-bit comparator greater for signal <PWR_1_o_vCount[9]_LessThan_14_o> created at line 42
    Summary:
	inferred   2 Adder/Subtractor(s).
	inferred  28 D-type flip-flop(s).
	inferred   4 Comparator(s).
Unit <vga_driver> synthesized.

=========================================================================
HDL Synthesis Report

Macro Statistics
# Adders/Subtractors                                   : 2
 11-bit adder                                          : 2
# Registers                                            : 3
 10-bit register                                       : 2
 8-bit register                                        : 1
# Comparators                                          : 4
 10-bit comparator greater                             : 4

=========================================================================

=========================================================================
*                       Advanced HDL Synthesis                          *
=========================================================================

WARNING:Xst:1710 - FF/Latch <rgb_0> (without init value) has a constant value of 0 in block <vga_driver>. This FF/Latch will be trimmed during the optimization process.
WARNING:Xst:1895 - Due to other FF/Latch trimming, FF/Latch <rgb_1> (without init value) has a constant value of 0 in block <vga_driver>. This FF/Latch will be trimmed during the optimization process.
WARNING:Xst:1895 - Due to other FF/Latch trimming, FF/Latch <rgb_2> (without init value) has a constant value of 0 in block <vga_driver>. This FF/Latch will be trimmed during the optimization process.
WARNING:Xst:1895 - Due to other FF/Latch trimming, FF/Latch <rgb_3> (without init value) has a constant value of 0 in block <vga_driver>. This FF/Latch will be trimmed during the optimization process.
WARNING:Xst:1895 - Due to other FF/Latch trimming, FF/Latch <rgb_4> (without init value) has a constant value of 0 in block <vga_driver>. This FF/Latch will be trimmed during the optimization process.

Synthesizing (advanced) Unit <vga_driver>.
The following registers are absorbed into counter <hCount>: 1 register on signal <hCount>.
The following registers are absorbed into counter <vCount>: 1 register on signal <vCount>.
Unit <vga_driver> synthesized (advanced).

=========================================================================
Advanced HDL Synthesis Report

Macro Statistics
# Counters                                             : 2
 10-bit up counter                                     : 2
# Registers                                            : 8
 Flip-Flops                                            : 8
# Comparators                                          : 4
 10-bit comparator greater                             : 4

=========================================================================

=========================================================================
*                         Low Level Synthesis                           *
=========================================================================
WARNING:Xst:1710 - FF/Latch <rgb_0> (without init value) has a constant value of 0 in block <vga_driver>. This FF/Latch will be trimmed during the optimization process.
WARNING:Xst:1895 - Due to other FF/Latch trimming, FF/Latch <rgb_1> (without init value) has a constant value of 0 in block <vga_driver>. This FF/Latch will be trimmed during the optimization process.
WARNING:Xst:1895 - Due to other FF/Latch trimming, FF/Latch <rgb_2> (without init value) has a constant value of 0 in block <vga_driver>. This FF/Latch will be trimmed during the optimization process.
WARNING:Xst:1895 - Due to other FF/Latch trimming, FF/Latch <rgb_3> (without init value) has a constant value of 0 in block <vga_driver>. This FF/Latch will be trimmed during the optimization process.
WARNING:Xst:1895 - Due to other FF/Latch trimming, FF/Latch <rgb_4> (without init value) has a constant value of 0 in block <vga_driver>. This FF/Latch will be trimmed during the optimization process.
INFO:Xst:2261 - The FF/Latch <rgb_5> in Unit <vga_driver> is equivalent to the following 2 FFs/Latches, which will be removed : <rgb_6> <rgb_7> 

Optimizing unit <vga_driver> ...

Mapping all equations...
Building and optimizing final netlist ...
Found area constraint ratio of 100 (+ 5) on block vga_driver, actual ratio is 0.

Final Macro Processing ...

=========================================================================
Final Register Report

Macro Statistics
# Registers                                            : 21
 Flip-Flops                                            : 21

=========================================================================

=========================================================================
*                           Partition Report                            *
=========================================================================

Partition Implementation Status
-------------------------------

  No Partitions were found in this design.

-------------------------------

=========================================================================
*                            Design Summary                             *
=========================================================================

Top Level Output File Name         : vga_driver.ngc

Primitive and Black Box Usage:
------------------------------
# BELS                             : 97
#      GND                         : 1
#      INV                         : 2
#      LUT1                        : 18
#      LUT2                        : 12
#      LUT3                        : 1
#      LUT4                        : 9
#      LUT5                        : 4
#      LUT6                        : 11
#      MUXCY                       : 18
#      VCC                         : 1
#      XORCY                       : 20
# FlipFlops/Latches                : 21
#      FD                          : 21
# Clock Buffers                    : 1
#      BUFGP                       : 1
# IO Buffers                       : 10
#      OBUF                        : 10

Device utilization summary:
---------------------------

Selected Device : 6slx16csg324-2 


Slice Logic Utilization: 
 Number of Slice Registers:              21  out of  18224     0%  
 Number of Slice LUTs:                   57  out of   9112     0%  
    Number used as Logic:                57  out of   9112     0%  

Slice Logic Distribution: 
 Number of LUT Flip Flop pairs used:     57
   Number with an unused Flip Flop:      36  out of     57    63%  
   Number with an unused LUT:             0  out of     57     0%  
   Number of fully used LUT-FF pairs:    21  out of     57    36%  
   Number of unique control sets:         1

IO Utilization: 
 Number of IOs:                          11
 Number of bonded IOBs:                  11  out of    232     4%  

Specific Feature Utilization:
 Number of BUFG/BUFGCTRLs:                1  out of     16     6%  

---------------------------
Partition Resource Summary:
---------------------------

  No Partitions were found in this design.

---------------------------


=========================================================================
Timing Report

NOTE: THESE TIMING NUMBERS ARE ONLY A SYNTHESIS ESTIMATE.
      FOR ACCURATE TIMING INFORMATION PLEASE REFER TO THE TRACE REPORT
      GENERATED AFTER PLACE-and-ROUTE.

Clock Information:
------------------
-----------------------------------+------------------------+-------+
Clock Signal                       | Clock buffer(FF name)  | Load  |
-----------------------------------+------------------------+-------+
clk                                | BUFGP                  | 21    |
-----------------------------------+------------------------+-------+

Asynchronous Control Signals Information:
----------------------------------------
No asynchronous control signals found in this design

Timing Summary:
---------------
Speed Grade: -2

   Minimum period: 4.660ns (Maximum Frequency: 214.592MHz)
   Minimum input arrival time before clock: No path found
   Maximum output required time after clock: 6.626ns
   Maximum combinational path delay: No path found

Timing Details:
---------------
All values displayed in nanoseconds (ns)

=========================================================================
Timing constraint: Default period analysis for Clock 'clk'
  Clock period: 4.660ns (frequency: 214.592MHz)
  Total number of paths / destination ports: 550 / 21
-------------------------------------------------------------------------
Delay:               4.660ns (Levels of Logic = 3)
  Source:            vCount_0 (FF)
  Destination:       vCount_1 (FF)
  Source Clock:      clk rising
  Destination Clock: clk rising

  Data Path: vCount_0 to vCount_1
                                Gate     Net
    Cell:in->out      fanout   Delay   Delay  Logical Name (Net Name)
    ----------------------------------------  ------------
     FD:C->Q               5   0.525   1.296  vCount_0 (vCount_0)
     LUT6:I0->O            1   0.254   0.910  _n0048_SW0_SW0 (N10)
     LUT6:I3->O           10   0.235   1.116  _n0048 (_n0048)
     LUT4:I2->O            1   0.250   0.000  vCount_1_rstpot (vCount_1_rstpot)
     FD:D                      0.074          vCount_1
    ----------------------------------------
    Total                      4.660ns (1.338ns logic, 3.322ns route)
                                       (28.7% logic, 71.3% route)

=========================================================================
Timing constraint: Default OFFSET OUT AFTER for Clock 'clk'
  Total number of paths / destination ports: 23 / 5
-------------------------------------------------------------------------
Offset:              6.626ns (Levels of Logic = 3)
  Source:            hCount_7 (FF)
  Destination:       hs (PAD)
  Source Clock:      clk rising

  Data Path: hCount_7 to hs
                                Gate     Net
    Cell:in->out      fanout   Delay   Delay  Logical Name (Net Name)
    ----------------------------------------  ------------
     FD:C->Q               3   0.525   1.196  hCount_7 (hCount_7)
     LUT5:I0->O            4   0.254   0.804  _n0047<9>_SW0 (N4)
     LUT6:I5->O            1   0.254   0.681  hs1 (hs_OBUF)
     OBUF:I->O                 2.912          hs_OBUF (hs)
    ----------------------------------------
    Total                      6.626ns (3.945ns logic, 2.681ns route)
                                       (59.5% logic, 40.5% route)

=========================================================================

Cross Clock Domains Report:
--------------------------

Clock to Setup on destination clock clk
---------------+---------+---------+---------+---------+
               | Src:Rise| Src:Fall| Src:Rise| Src:Fall|
Source Clock   |Dest:Rise|Dest:Rise|Dest:Fall|Dest:Fall|
---------------+---------+---------+---------+---------+
clk            |    4.660|         |         |         |
---------------+---------+---------+---------+---------+

=========================================================================


Total REAL time to Xst completion: 17.00 secs
Total CPU time to Xst completion: 16.41 secs
 
--> 

Total memory usage is 256392 kilobytes

Number of errors   :    0 (   0 filtered)
Number of warnings :   12 (   0 filtered)
Number of infos    :    1 (   0 filtered)

