INFO:sim:172 - Generating IP...
Resolving generics for 'pixel_map'...
Applying external generics to 'pixel_map'...
Delivering associated files for 'pixel_map'...
Delivering EJava files for 'pixel_map'...
Generating implementation netlist for 'pixel_map'...
INFO:sim - Pre-processing HDL files for 'pixel_map'...
Running synthesis for 'pixel_map'
Running ngcbuild...
Writing VEO instantiation template for 'pixel_map'...
Writing Verilog behavioral simulation model for 'pixel_map'...
WARNING:sim - Overwriting existing file
   /home/daniel/Downloads/FDPaint/ipcore_dir/tmp/_cg/pixel_map/doc/blk_mem_gen_v
   7_3_vinfo.html with file from view xilinx_documentation
Delivered 1 file into directory
/home/daniel/Downloads/FDPaint/ipcore_dir/tmp/_cg/pixel_map
Generating ASY schematic symbol...
INFO:sim:949 - Finished generation of ASY schematic symbol.
Generating SYM schematic symbol for 'pixel_map'...
Generating metadata file...
Regenerating ISE project file for 'pixel_map'...
Generating ISE project...
XCO file found: pixel_map.xco
XMDF file found: pixel_map_xmdf.tcl
Adding /home/daniel/Downloads/FDPaint/ipcore_dir/tmp/_cg/pixel_map.asy -view all
-origin_type imported
Adding /home/daniel/Downloads/FDPaint/ipcore_dir/tmp/_cg/pixel_map.ngc -view all
-origin_type created
Checking file "/home/daniel/Downloads/FDPaint/ipcore_dir/tmp/_cg/pixel_map.ngc"
for project device match ...
File "/home/daniel/Downloads/FDPaint/ipcore_dir/tmp/_cg/pixel_map.ngc" device
information matches project device.
Adding /home/daniel/Downloads/FDPaint/ipcore_dir/tmp/_cg/pixel_map.sym -view all
-origin_type imported
Adding /home/daniel/Downloads/FDPaint/ipcore_dir/tmp/_cg/pixel_map.v -view all
-origin_type created
INFO:HDLCompiler:1845 - Analyzing Verilog file
   "/home/daniel/Downloads/FDPaint/ipcore_dir/tmp/_cg/pixel_map.v" into library
   work
INFO:ProjectMgmt - Parsing design hierarchy completed successfully.
Adding /home/daniel/Downloads/FDPaint/ipcore_dir/tmp/_cg/pixel_map.veo -view all
-origin_type imported
INFO:TclTasksC:2116 - The automatic calculation of top has been turned-off.
   Please set the new top explicitly by running the "project set top" command.
   To re-calculate the new top automatically, set the "Auto Implementation Top"
   property to true.
Top level has been set to "/pixel_map"
Generating README file...
Generating FLIST file...
INFO:sim:948 - Finished FLIST file generation.
Launching README viewer...
Moving files to output directory...
Finished moving files to output directory
Wrote CGP file for project 'pixel_map'.
